C:\Users\johng\Documents\Visual Studio 2015\Projects\PeopleSearch\PeopleSearch\app\app.component.js
C:\Users\johng\Documents\Visual Studio 2015\Projects\PeopleSearch\PeopleSearch\app\app.component.js.map
C:\Users\johng\Documents\Visual Studio 2015\Projects\PeopleSearch\PeopleSearch\app\people\data-model.js
C:\Users\johng\Documents\Visual Studio 2015\Projects\PeopleSearch\PeopleSearch\app\people\data-model.js.map
C:\Users\johng\Documents\Visual Studio 2015\Projects\PeopleSearch\PeopleSearch\app\people\people.service.js
C:\Users\johng\Documents\Visual Studio 2015\Projects\PeopleSearch\PeopleSearch\app\people\people.service.js.map
C:\Users\johng\Documents\Visual Studio 2015\Projects\PeopleSearch\PeopleSearch\app\people\add-person\add-person.component.js
C:\Users\johng\Documents\Visual Studio 2015\Projects\PeopleSearch\PeopleSearch\app\people\add-person\add-person.component.js.map
C:\Users\johng\Documents\Visual Studio 2015\Projects\PeopleSearch\PeopleSearch\app\people\delete-person\delete-person.component.js
C:\Users\johng\Documents\Visual Studio 2015\Projects\PeopleSearch\PeopleSearch\app\people\delete-person\delete-person.component.js.map
C:\Users\johng\Documents\Visual Studio 2015\Projects\PeopleSearch\PeopleSearch\app\people\people.component.js
C:\Users\johng\Documents\Visual Studio 2015\Projects\PeopleSearch\PeopleSearch\app\people\people.component.js.map
C:\Users\johng\Documents\Visual Studio 2015\Projects\PeopleSearch\PeopleSearch\app\people\search-person\search-person.component.js
C:\Users\johng\Documents\Visual Studio 2015\Projects\PeopleSearch\PeopleSearch\app\people\search-person\search-person.component.js.map
C:\Users\johng\Documents\Visual Studio 2015\Projects\PeopleSearch\PeopleSearch\app\people\people.module.js
C:\Users\johng\Documents\Visual Studio 2015\Projects\PeopleSearch\PeopleSearch\app\people\people.module.js.map
C:\Users\johng\Documents\Visual Studio 2015\Projects\PeopleSearch\PeopleSearch\app\app.module.js
C:\Users\johng\Documents\Visual Studio 2015\Projects\PeopleSearch\PeopleSearch\app\app.module.js.map
C:\Users\johng\Documents\Visual Studio 2015\Projects\PeopleSearch\PeopleSearch\app\main.js
C:\Users\johng\Documents\Visual Studio 2015\Projects\PeopleSearch\PeopleSearch\app\main.js.map
C:\Users\johng\Documents\Visual Studio 2015\Projects\PeopleSearch\PeopleSearch\app\tests\people.service.spec.js
C:\Users\johng\Documents\Visual Studio 2015\Projects\PeopleSearch\PeopleSearch\app\tests\people.service.spec.js.map
C:\Users\johng\Documents\Visual Studio 2015\Projects\PeopleSearch\PeopleSearch\app\app.component.js
C:\Users\johng\Documents\Visual Studio 2015\Projects\PeopleSearch\PeopleSearch\app\app.component.js.map
C:\Users\johng\Documents\Visual Studio 2015\Projects\PeopleSearch\PeopleSearch\app\people\data-model.js
C:\Users\johng\Documents\Visual Studio 2015\Projects\PeopleSearch\PeopleSearch\app\people\data-model.js.map
C:\Users\johng\Documents\Visual Studio 2015\Projects\PeopleSearch\PeopleSearch\app\people\people.service.js
C:\Users\johng\Documents\Visual Studio 2015\Projects\PeopleSearch\PeopleSearch\app\people\people.service.js.map
C:\Users\johng\Documents\Visual Studio 2015\Projects\PeopleSearch\PeopleSearch\app\people\add-person\add-person.component.js
C:\Users\johng\Documents\Visual Studio 2015\Projects\PeopleSearch\PeopleSearch\app\people\add-person\add-person.component.js.map
C:\Users\johng\Documents\Visual Studio 2015\Projects\PeopleSearch\PeopleSearch\app\people\delete-person\delete-person.component.js
C:\Users\johng\Documents\Visual Studio 2015\Projects\PeopleSearch\PeopleSearch\app\people\delete-person\delete-person.component.js.map
C:\Users\johng\Documents\Visual Studio 2015\Projects\PeopleSearch\PeopleSearch\app\people\people.component.js
C:\Users\johng\Documents\Visual Studio 2015\Projects\PeopleSearch\PeopleSearch\app\people\people.component.js.map
C:\Users\johng\Documents\Visual Studio 2015\Projects\PeopleSearch\PeopleSearch\app\people\search-person\search-person.component.js
C:\Users\johng\Documents\Visual Studio 2015\Projects\PeopleSearch\PeopleSearch\app\people\search-person\search-person.component.js.map
C:\Users\johng\Documents\Visual Studio 2015\Projects\PeopleSearch\PeopleSearch\app\people\people.module.js
C:\Users\johng\Documents\Visual Studio 2015\Projects\PeopleSearch\PeopleSearch\app\people\people.module.js.map
C:\Users\johng\Documents\Visual Studio 2015\Projects\PeopleSearch\PeopleSearch\app\app.module.js
C:\Users\johng\Documents\Visual Studio 2015\Projects\PeopleSearch\PeopleSearch\app\app.module.js.map
C:\Users\johng\Documents\Visual Studio 2015\Projects\PeopleSearch\PeopleSearch\app\main.js
C:\Users\johng\Documents\Visual Studio 2015\Projects\PeopleSearch\PeopleSearch\app\main.js.map
C:\Users\johng\Documents\Visual Studio 2015\Projects\PeopleSearch\PeopleSearch\app\tests\people.service.spec.js
C:\Users\johng\Documents\Visual Studio 2015\Projects\PeopleSearch\PeopleSearch\app\tests\people.service.spec.js.map
C:\Users\johng\Documents\Visual Studio 2015\Projects\PeopleSearch\PeopleSearch\app\app.component.js
C:\Users\johng\Documents\Visual Studio 2015\Projects\PeopleSearch\PeopleSearch\app\app.component.js.map
C:\Users\johng\Documents\Visual Studio 2015\Projects\PeopleSearch\PeopleSearch\app\people\data-model.js
C:\Users\johng\Documents\Visual Studio 2015\Projects\PeopleSearch\PeopleSearch\app\people\data-model.js.map
C:\Users\johng\Documents\Visual Studio 2015\Projects\PeopleSearch\PeopleSearch\app\people\people.service.js
C:\Users\johng\Documents\Visual Studio 2015\Projects\PeopleSearch\PeopleSearch\app\people\people.service.js.map
C:\Users\johng\Documents\Visual Studio 2015\Projects\PeopleSearch\PeopleSearch\app\people\add-person\add-person.component.js
C:\Users\johng\Documents\Visual Studio 2015\Projects\PeopleSearch\PeopleSearch\app\people\add-person\add-person.component.js.map
C:\Users\johng\Documents\Visual Studio 2015\Projects\PeopleSearch\PeopleSearch\app\people\delete-person\delete-person.component.js
C:\Users\johng\Documents\Visual Studio 2015\Projects\PeopleSearch\PeopleSearch\app\people\delete-person\delete-person.component.js.map
C:\Users\johng\Documents\Visual Studio 2015\Projects\PeopleSearch\PeopleSearch\app\people\people.component.js
C:\Users\johng\Documents\Visual Studio 2015\Projects\PeopleSearch\PeopleSearch\app\people\people.component.js.map
C:\Users\johng\Documents\Visual Studio 2015\Projects\PeopleSearch\PeopleSearch\app\people\search-person\search-person.component.js
C:\Users\johng\Documents\Visual Studio 2015\Projects\PeopleSearch\PeopleSearch\app\people\search-person\search-person.component.js.map
C:\Users\johng\Documents\Visual Studio 2015\Projects\PeopleSearch\PeopleSearch\app\people\people.module.js
C:\Users\johng\Documents\Visual Studio 2015\Projects\PeopleSearch\PeopleSearch\app\people\people.module.js.map
C:\Users\johng\Documents\Visual Studio 2015\Projects\PeopleSearch\PeopleSearch\app\app.module.js
C:\Users\johng\Documents\Visual Studio 2015\Projects\PeopleSearch\PeopleSearch\app\app.module.js.map
C:\Users\johng\Documents\Visual Studio 2015\Projects\PeopleSearch\PeopleSearch\app\main.js
C:\Users\johng\Documents\Visual Studio 2015\Projects\PeopleSearch\PeopleSearch\app\main.js.map
C:\Users\johng\Documents\Visual Studio 2015\Projects\PeopleSearch\PeopleSearch\app\tests\people.service.spec.js
C:\Users\johng\Documents\Visual Studio 2015\Projects\PeopleSearch\PeopleSearch\app\tests\people.service.spec.js.map
C:\Users\johng\Documents\Visual Studio 2015\Projects\PeopleSearch\PeopleSearch\app\app.component.js
C:\Users\johng\Documents\Visual Studio 2015\Projects\PeopleSearch\PeopleSearch\app\app.component.js.map
C:\Users\johng\Documents\Visual Studio 2015\Projects\PeopleSearch\PeopleSearch\app\people\data-model.js
C:\Users\johng\Documents\Visual Studio 2015\Projects\PeopleSearch\PeopleSearch\app\people\data-model.js.map
C:\Users\johng\Documents\Visual Studio 2015\Projects\PeopleSearch\PeopleSearch\app\people\people.service.js
C:\Users\johng\Documents\Visual Studio 2015\Projects\PeopleSearch\PeopleSearch\app\people\people.service.js.map
C:\Users\johng\Documents\Visual Studio 2015\Projects\PeopleSearch\PeopleSearch\app\people\add-person\add-person.component.js
C:\Users\johng\Documents\Visual Studio 2015\Projects\PeopleSearch\PeopleSearch\app\people\add-person\add-person.component.js.map
C:\Users\johng\Documents\Visual Studio 2015\Projects\PeopleSearch\PeopleSearch\app\people\delete-person\delete-person.component.js
C:\Users\johng\Documents\Visual Studio 2015\Projects\PeopleSearch\PeopleSearch\app\people\delete-person\delete-person.component.js.map
C:\Users\johng\Documents\Visual Studio 2015\Projects\PeopleSearch\PeopleSearch\app\people\people.component.js
C:\Users\johng\Documents\Visual Studio 2015\Projects\PeopleSearch\PeopleSearch\app\people\people.component.js.map
C:\Users\johng\Documents\Visual Studio 2015\Projects\PeopleSearch\PeopleSearch\app\people\search-person\search-person.component.js
C:\Users\johng\Documents\Visual Studio 2015\Projects\PeopleSearch\PeopleSearch\app\people\search-person\search-person.component.js.map
C:\Users\johng\Documents\Visual Studio 2015\Projects\PeopleSearch\PeopleSearch\app\people\people.module.js
C:\Users\johng\Documents\Visual Studio 2015\Projects\PeopleSearch\PeopleSearch\app\people\people.module.js.map
C:\Users\johng\Documents\Visual Studio 2015\Projects\PeopleSearch\PeopleSearch\app\app.module.js
C:\Users\johng\Documents\Visual Studio 2015\Projects\PeopleSearch\PeopleSearch\app\app.module.js.map
C:\Users\johng\Documents\Visual Studio 2015\Projects\PeopleSearch\PeopleSearch\app\main.js
C:\Users\johng\Documents\Visual Studio 2015\Projects\PeopleSearch\PeopleSearch\app\main.js.map
C:\Users\johng\Documents\Visual Studio 2015\Projects\PeopleSearch\PeopleSearch\app\tests\people.service.spec.js
C:\Users\johng\Documents\Visual Studio 2015\Projects\PeopleSearch\PeopleSearch\app\tests\people.service.spec.js.map
C:\Users\johng\Documents\Visual Studio 2015\Projects\PeopleSearch\PeopleSearch\app\app.component.js
C:\Users\johng\Documents\Visual Studio 2015\Projects\PeopleSearch\PeopleSearch\app\app.component.js.map
C:\Users\johng\Documents\Visual Studio 2015\Projects\PeopleSearch\PeopleSearch\app\people\data-model.js
C:\Users\johng\Documents\Visual Studio 2015\Projects\PeopleSearch\PeopleSearch\app\people\data-model.js.map
C:\Users\johng\Documents\Visual Studio 2015\Projects\PeopleSearch\PeopleSearch\app\people\people.service.js
C:\Users\johng\Documents\Visual Studio 2015\Projects\PeopleSearch\PeopleSearch\app\people\people.service.js.map
C:\Users\johng\Documents\Visual Studio 2015\Projects\PeopleSearch\PeopleSearch\app\people\add-person\add-person.component.js
C:\Users\johng\Documents\Visual Studio 2015\Projects\PeopleSearch\PeopleSearch\app\people\add-person\add-person.component.js.map
C:\Users\johng\Documents\Visual Studio 2015\Projects\PeopleSearch\PeopleSearch\app\people\delete-person\delete-person.component.js
C:\Users\johng\Documents\Visual Studio 2015\Projects\PeopleSearch\PeopleSearch\app\people\delete-person\delete-person.component.js.map
C:\Users\johng\Documents\Visual Studio 2015\Projects\PeopleSearch\PeopleSearch\app\people\people.component.js
C:\Users\johng\Documents\Visual Studio 2015\Projects\PeopleSearch\PeopleSearch\app\people\people.component.js.map
C:\Users\johng\Documents\Visual Studio 2015\Projects\PeopleSearch\PeopleSearch\app\people\search-person\search-person.component.js
C:\Users\johng\Documents\Visual Studio 2015\Projects\PeopleSearch\PeopleSearch\app\people\search-person\search-person.component.js.map
C:\Users\johng\Documents\Visual Studio 2015\Projects\PeopleSearch\PeopleSearch\app\people\people.module.js
C:\Users\johng\Documents\Visual Studio 2015\Projects\PeopleSearch\PeopleSearch\app\people\people.module.js.map
C:\Users\johng\Documents\Visual Studio 2015\Projects\PeopleSearch\PeopleSearch\app\app.module.js
C:\Users\johng\Documents\Visual Studio 2015\Projects\PeopleSearch\PeopleSearch\app\app.module.js.map
C:\Users\johng\Documents\Visual Studio 2015\Projects\PeopleSearch\PeopleSearch\app\main.js
C:\Users\johng\Documents\Visual Studio 2015\Projects\PeopleSearch\PeopleSearch\app\main.js.map
C:\Users\johng\Documents\Visual Studio 2015\Projects\PeopleSearch\PeopleSearch\app\tests\people.service.spec.js
C:\Users\johng\Documents\Visual Studio 2015\Projects\PeopleSearch\PeopleSearch\app\tests\people.service.spec.js.map
C:\Users\johng\Documents\Visual Studio 2015\Projects\PeopleSearch\PeopleSearch\app\app.component.js
C:\Users\johng\Documents\Visual Studio 2015\Projects\PeopleSearch\PeopleSearch\app\app.component.js.map
C:\Users\johng\Documents\Visual Studio 2015\Projects\PeopleSearch\PeopleSearch\app\people\data-model.js
C:\Users\johng\Documents\Visual Studio 2015\Projects\PeopleSearch\PeopleSearch\app\people\data-model.js.map
C:\Users\johng\Documents\Visual Studio 2015\Projects\PeopleSearch\PeopleSearch\app\people\people.service.js
C:\Users\johng\Documents\Visual Studio 2015\Projects\PeopleSearch\PeopleSearch\app\people\people.service.js.map
C:\Users\johng\Documents\Visual Studio 2015\Projects\PeopleSearch\PeopleSearch\app\people\add-person\add-person.component.js
C:\Users\johng\Documents\Visual Studio 2015\Projects\PeopleSearch\PeopleSearch\app\people\add-person\add-person.component.js.map
C:\Users\johng\Documents\Visual Studio 2015\Projects\PeopleSearch\PeopleSearch\app\people\delete-person\delete-person.component.js
C:\Users\johng\Documents\Visual Studio 2015\Projects\PeopleSearch\PeopleSearch\app\people\delete-person\delete-person.component.js.map
C:\Users\johng\Documents\Visual Studio 2015\Projects\PeopleSearch\PeopleSearch\app\people\people.component.js
C:\Users\johng\Documents\Visual Studio 2015\Projects\PeopleSearch\PeopleSearch\app\people\people.component.js.map
C:\Users\johng\Documents\Visual Studio 2015\Projects\PeopleSearch\PeopleSearch\app\people\search-person\search-person.component.js
C:\Users\johng\Documents\Visual Studio 2015\Projects\PeopleSearch\PeopleSearch\app\people\search-person\search-person.component.js.map
C:\Users\johng\Documents\Visual Studio 2015\Projects\PeopleSearch\PeopleSearch\app\people\people.module.js
C:\Users\johng\Documents\Visual Studio 2015\Projects\PeopleSearch\PeopleSearch\app\people\people.module.js.map
C:\Users\johng\Documents\Visual Studio 2015\Projects\PeopleSearch\PeopleSearch\app\app.module.js
C:\Users\johng\Documents\Visual Studio 2015\Projects\PeopleSearch\PeopleSearch\app\app.module.js.map
C:\Users\johng\Documents\Visual Studio 2015\Projects\PeopleSearch\PeopleSearch\app\main.js
C:\Users\johng\Documents\Visual Studio 2015\Projects\PeopleSearch\PeopleSearch\app\main.js.map
C:\Users\johng\Documents\Visual Studio 2015\Projects\PeopleSearch\PeopleSearch\app\tests\people.service.spec.js
C:\Users\johng\Documents\Visual Studio 2015\Projects\PeopleSearch\PeopleSearch\app\tests\people.service.spec.js.map
C:\Users\johng\Documents\Visual Studio 2015\Projects\PeopleSearch\PeopleSearch\app\app.component.js
C:\Users\johng\Documents\Visual Studio 2015\Projects\PeopleSearch\PeopleSearch\app\app.component.js.map
C:\Users\johng\Documents\Visual Studio 2015\Projects\PeopleSearch\PeopleSearch\app\people\data-model.js
C:\Users\johng\Documents\Visual Studio 2015\Projects\PeopleSearch\PeopleSearch\app\people\data-model.js.map
C:\Users\johng\Documents\Visual Studio 2015\Projects\PeopleSearch\PeopleSearch\app\people\people.service.js
C:\Users\johng\Documents\Visual Studio 2015\Projects\PeopleSearch\PeopleSearch\app\people\people.service.js.map
C:\Users\johng\Documents\Visual Studio 2015\Projects\PeopleSearch\PeopleSearch\app\people\add-person\add-person.component.js
C:\Users\johng\Documents\Visual Studio 2015\Projects\PeopleSearch\PeopleSearch\app\people\add-person\add-person.component.js.map
C:\Users\johng\Documents\Visual Studio 2015\Projects\PeopleSearch\PeopleSearch\app\people\delete-person\delete-person.component.js
C:\Users\johng\Documents\Visual Studio 2015\Projects\PeopleSearch\PeopleSearch\app\people\delete-person\delete-person.component.js.map
C:\Users\johng\Documents\Visual Studio 2015\Projects\PeopleSearch\PeopleSearch\app\people\people.component.js
C:\Users\johng\Documents\Visual Studio 2015\Projects\PeopleSearch\PeopleSearch\app\people\people.component.js.map
C:\Users\johng\Documents\Visual Studio 2015\Projects\PeopleSearch\PeopleSearch\app\people\search-person\search-person.component.js
C:\Users\johng\Documents\Visual Studio 2015\Projects\PeopleSearch\PeopleSearch\app\people\search-person\search-person.component.js.map
C:\Users\johng\Documents\Visual Studio 2015\Projects\PeopleSearch\PeopleSearch\app\people\people.module.js
C:\Users\johng\Documents\Visual Studio 2015\Projects\PeopleSearch\PeopleSearch\app\people\people.module.js.map
C:\Users\johng\Documents\Visual Studio 2015\Projects\PeopleSearch\PeopleSearch\app\app.module.js
C:\Users\johng\Documents\Visual Studio 2015\Projects\PeopleSearch\PeopleSearch\app\app.module.js.map
C:\Users\johng\Documents\Visual Studio 2015\Projects\PeopleSearch\PeopleSearch\app\main.js
C:\Users\johng\Documents\Visual Studio 2015\Projects\PeopleSearch\PeopleSearch\app\main.js.map
C:\Users\johng\Documents\Visual Studio 2015\Projects\PeopleSearch\PeopleSearch\app\tests\people.service.spec.js
C:\Users\johng\Documents\Visual Studio 2015\Projects\PeopleSearch\PeopleSearch\app\tests\people.service.spec.js.map
C:\Users\johng\Documents\Visual Studio 2015\Projects\PeopleSearch\PeopleSearch\app\app.component.js
C:\Users\johng\Documents\Visual Studio 2015\Projects\PeopleSearch\PeopleSearch\app\app.component.js.map
C:\Users\johng\Documents\Visual Studio 2015\Projects\PeopleSearch\PeopleSearch\app\people\person-model.js
C:\Users\johng\Documents\Visual Studio 2015\Projects\PeopleSearch\PeopleSearch\app\people\person-model.js.map
C:\Users\johng\Documents\Visual Studio 2015\Projects\PeopleSearch\PeopleSearch\app\people\people.service.js
C:\Users\johng\Documents\Visual Studio 2015\Projects\PeopleSearch\PeopleSearch\app\people\people.service.js.map
C:\Users\johng\Documents\Visual Studio 2015\Projects\PeopleSearch\PeopleSearch\app\people\add-person\add-person.component.js
C:\Users\johng\Documents\Visual Studio 2015\Projects\PeopleSearch\PeopleSearch\app\people\add-person\add-person.component.js.map
C:\Users\johng\Documents\Visual Studio 2015\Projects\PeopleSearch\PeopleSearch\app\people\delete-person\delete-person.component.js
C:\Users\johng\Documents\Visual Studio 2015\Projects\PeopleSearch\PeopleSearch\app\people\delete-person\delete-person.component.js.map
C:\Users\johng\Documents\Visual Studio 2015\Projects\PeopleSearch\PeopleSearch\app\people\people.component.js
C:\Users\johng\Documents\Visual Studio 2015\Projects\PeopleSearch\PeopleSearch\app\people\people.component.js.map
C:\Users\johng\Documents\Visual Studio 2015\Projects\PeopleSearch\PeopleSearch\app\people\search-person\search-person.component.js
C:\Users\johng\Documents\Visual Studio 2015\Projects\PeopleSearch\PeopleSearch\app\people\search-person\search-person.component.js.map
C:\Users\johng\Documents\Visual Studio 2015\Projects\PeopleSearch\PeopleSearch\app\people\people.module.js
C:\Users\johng\Documents\Visual Studio 2015\Projects\PeopleSearch\PeopleSearch\app\people\people.module.js.map
C:\Users\johng\Documents\Visual Studio 2015\Projects\PeopleSearch\PeopleSearch\app\app.module.js
C:\Users\johng\Documents\Visual Studio 2015\Projects\PeopleSearch\PeopleSearch\app\app.module.js.map
C:\Users\johng\Documents\Visual Studio 2015\Projects\PeopleSearch\PeopleSearch\app\main.js
C:\Users\johng\Documents\Visual Studio 2015\Projects\PeopleSearch\PeopleSearch\app\main.js.map
C:\Users\johng\Documents\Visual Studio 2015\Projects\PeopleSearch\PeopleSearch\app\tests\people.service.spec.js
C:\Users\johng\Documents\Visual Studio 2015\Projects\PeopleSearch\PeopleSearch\app\tests\people.service.spec.js.map
C:\Users\johng\Documents\Visual Studio 2015\Projects\PeopleSearch\PeopleSearch\app\app.component.js
C:\Users\johng\Documents\Visual Studio 2015\Projects\PeopleSearch\PeopleSearch\app\app.component.js.map
C:\Users\johng\Documents\Visual Studio 2015\Projects\PeopleSearch\PeopleSearch\app\people\person-model.js
C:\Users\johng\Documents\Visual Studio 2015\Projects\PeopleSearch\PeopleSearch\app\people\person-model.js.map
C:\Users\johng\Documents\Visual Studio 2015\Projects\PeopleSearch\PeopleSearch\app\people\people.service.js
C:\Users\johng\Documents\Visual Studio 2015\Projects\PeopleSearch\PeopleSearch\app\people\people.service.js.map
C:\Users\johng\Documents\Visual Studio 2015\Projects\PeopleSearch\PeopleSearch\app\people\add-person\add-person.component.js
C:\Users\johng\Documents\Visual Studio 2015\Projects\PeopleSearch\PeopleSearch\app\people\add-person\add-person.component.js.map
C:\Users\johng\Documents\Visual Studio 2015\Projects\PeopleSearch\PeopleSearch\app\people\delete-person\delete-person.component.js
C:\Users\johng\Documents\Visual Studio 2015\Projects\PeopleSearch\PeopleSearch\app\people\delete-person\delete-person.component.js.map
C:\Users\johng\Documents\Visual Studio 2015\Projects\PeopleSearch\PeopleSearch\app\people\people.component.js
C:\Users\johng\Documents\Visual Studio 2015\Projects\PeopleSearch\PeopleSearch\app\people\people.component.js.map
C:\Users\johng\Documents\Visual Studio 2015\Projects\PeopleSearch\PeopleSearch\app\people\search-person\search-person.component.js
C:\Users\johng\Documents\Visual Studio 2015\Projects\PeopleSearch\PeopleSearch\app\people\search-person\search-person.component.js.map
C:\Users\johng\Documents\Visual Studio 2015\Projects\PeopleSearch\PeopleSearch\app\people\people.module.js
C:\Users\johng\Documents\Visual Studio 2015\Projects\PeopleSearch\PeopleSearch\app\people\people.module.js.map
C:\Users\johng\Documents\Visual Studio 2015\Projects\PeopleSearch\PeopleSearch\app\app.module.js
C:\Users\johng\Documents\Visual Studio 2015\Projects\PeopleSearch\PeopleSearch\app\app.module.js.map
C:\Users\johng\Documents\Visual Studio 2015\Projects\PeopleSearch\PeopleSearch\app\main.js
C:\Users\johng\Documents\Visual Studio 2015\Projects\PeopleSearch\PeopleSearch\app\main.js.map
C:\Users\johng\Documents\Visual Studio 2015\Projects\PeopleSearch\PeopleSearch\app\tests\people.service.spec.js
C:\Users\johng\Documents\Visual Studio 2015\Projects\PeopleSearch\PeopleSearch\app\tests\people.service.spec.js.map
C:\Users\johng\Documents\Visual Studio 2015\Projects\PeopleSearch\PeopleSearch\app\app.component.js
C:\Users\johng\Documents\Visual Studio 2015\Projects\PeopleSearch\PeopleSearch\app\app.component.js.map
C:\Users\johng\Documents\Visual Studio 2015\Projects\PeopleSearch\PeopleSearch\app\people\person-model.js
C:\Users\johng\Documents\Visual Studio 2015\Projects\PeopleSearch\PeopleSearch\app\people\person-model.js.map
C:\Users\johng\Documents\Visual Studio 2015\Projects\PeopleSearch\PeopleSearch\app\people\people.service.js
C:\Users\johng\Documents\Visual Studio 2015\Projects\PeopleSearch\PeopleSearch\app\people\people.service.js.map
C:\Users\johng\Documents\Visual Studio 2015\Projects\PeopleSearch\PeopleSearch\app\people\add-person\add-person.component.js
C:\Users\johng\Documents\Visual Studio 2015\Projects\PeopleSearch\PeopleSearch\app\people\add-person\add-person.component.js.map
C:\Users\johng\Documents\Visual Studio 2015\Projects\PeopleSearch\PeopleSearch\app\people\delete-person\delete-person.component.js
C:\Users\johng\Documents\Visual Studio 2015\Projects\PeopleSearch\PeopleSearch\app\people\delete-person\delete-person.component.js.map
C:\Users\johng\Documents\Visual Studio 2015\Projects\PeopleSearch\PeopleSearch\app\people\people.component.js
C:\Users\johng\Documents\Visual Studio 2015\Projects\PeopleSearch\PeopleSearch\app\people\people.component.js.map
C:\Users\johng\Documents\Visual Studio 2015\Projects\PeopleSearch\PeopleSearch\app\people\search-person\search-person.component.js
C:\Users\johng\Documents\Visual Studio 2015\Projects\PeopleSearch\PeopleSearch\app\people\search-person\search-person.component.js.map
C:\Users\johng\Documents\Visual Studio 2015\Projects\PeopleSearch\PeopleSearch\app\people\people.module.js
C:\Users\johng\Documents\Visual Studio 2015\Projects\PeopleSearch\PeopleSearch\app\people\people.module.js.map
C:\Users\johng\Documents\Visual Studio 2015\Projects\PeopleSearch\PeopleSearch\app\app.module.js
C:\Users\johng\Documents\Visual Studio 2015\Projects\PeopleSearch\PeopleSearch\app\app.module.js.map
C:\Users\johng\Documents\Visual Studio 2015\Projects\PeopleSearch\PeopleSearch\app\main.js
C:\Users\johng\Documents\Visual Studio 2015\Projects\PeopleSearch\PeopleSearch\app\main.js.map
C:\Users\johng\Documents\Visual Studio 2015\Projects\PeopleSearch\PeopleSearch\app\tests\people.service.spec.js
C:\Users\johng\Documents\Visual Studio 2015\Projects\PeopleSearch\PeopleSearch\app\tests\people.service.spec.js.map
C:\Users\johng\Documents\Visual Studio 2015\Projects\PeopleSearch\PeopleSearch\app\app.component.js
C:\Users\johng\Documents\Visual Studio 2015\Projects\PeopleSearch\PeopleSearch\app\app.component.js.map
C:\Users\johng\Documents\Visual Studio 2015\Projects\PeopleSearch\PeopleSearch\app\people\person-model.js
C:\Users\johng\Documents\Visual Studio 2015\Projects\PeopleSearch\PeopleSearch\app\people\person-model.js.map
C:\Users\johng\Documents\Visual Studio 2015\Projects\PeopleSearch\PeopleSearch\app\people\people.service.js
C:\Users\johng\Documents\Visual Studio 2015\Projects\PeopleSearch\PeopleSearch\app\people\people.service.js.map
C:\Users\johng\Documents\Visual Studio 2015\Projects\PeopleSearch\PeopleSearch\app\people\add-person\add-person.component.js
C:\Users\johng\Documents\Visual Studio 2015\Projects\PeopleSearch\PeopleSearch\app\people\add-person\add-person.component.js.map
C:\Users\johng\Documents\Visual Studio 2015\Projects\PeopleSearch\PeopleSearch\app\people\delete-person\delete-person.component.js
C:\Users\johng\Documents\Visual Studio 2015\Projects\PeopleSearch\PeopleSearch\app\people\delete-person\delete-person.component.js.map
C:\Users\johng\Documents\Visual Studio 2015\Projects\PeopleSearch\PeopleSearch\app\people\people.component.js
C:\Users\johng\Documents\Visual Studio 2015\Projects\PeopleSearch\PeopleSearch\app\people\people.component.js.map
C:\Users\johng\Documents\Visual Studio 2015\Projects\PeopleSearch\PeopleSearch\app\people\search-person\search-person.component.js
C:\Users\johng\Documents\Visual Studio 2015\Projects\PeopleSearch\PeopleSearch\app\people\search-person\search-person.component.js.map
C:\Users\johng\Documents\Visual Studio 2015\Projects\PeopleSearch\PeopleSearch\app\people\people.module.js
C:\Users\johng\Documents\Visual Studio 2015\Projects\PeopleSearch\PeopleSearch\app\people\people.module.js.map
C:\Users\johng\Documents\Visual Studio 2015\Projects\PeopleSearch\PeopleSearch\app\app.module.js
C:\Users\johng\Documents\Visual Studio 2015\Projects\PeopleSearch\PeopleSearch\app\app.module.js.map
C:\Users\johng\Documents\Visual Studio 2015\Projects\PeopleSearch\PeopleSearch\app\main.js
C:\Users\johng\Documents\Visual Studio 2015\Projects\PeopleSearch\PeopleSearch\app\main.js.map
C:\Users\johng\Documents\Visual Studio 2015\Projects\PeopleSearch\PeopleSearch\app\tests\people.service.spec.js
C:\Users\johng\Documents\Visual Studio 2015\Projects\PeopleSearch\PeopleSearch\app\tests\people.service.spec.js.map
C:\Users\johng\Documents\Visual Studio 2015\Projects\PeopleSearch\PeopleSearch\app\app.component.js
C:\Users\johng\Documents\Visual Studio 2015\Projects\PeopleSearch\PeopleSearch\app\app.component.js.map
C:\Users\johng\Documents\Visual Studio 2015\Projects\PeopleSearch\PeopleSearch\app\people\person-model.js
C:\Users\johng\Documents\Visual Studio 2015\Projects\PeopleSearch\PeopleSearch\app\people\person-model.js.map
C:\Users\johng\Documents\Visual Studio 2015\Projects\PeopleSearch\PeopleSearch\app\people\people.service.js
C:\Users\johng\Documents\Visual Studio 2015\Projects\PeopleSearch\PeopleSearch\app\people\people.service.js.map
C:\Users\johng\Documents\Visual Studio 2015\Projects\PeopleSearch\PeopleSearch\app\people\add-person\add-person.component.js
C:\Users\johng\Documents\Visual Studio 2015\Projects\PeopleSearch\PeopleSearch\app\people\add-person\add-person.component.js.map
C:\Users\johng\Documents\Visual Studio 2015\Projects\PeopleSearch\PeopleSearch\app\people\delete-person\delete-person.component.js
C:\Users\johng\Documents\Visual Studio 2015\Projects\PeopleSearch\PeopleSearch\app\people\delete-person\delete-person.component.js.map
C:\Users\johng\Documents\Visual Studio 2015\Projects\PeopleSearch\PeopleSearch\app\people\people.component.js
C:\Users\johng\Documents\Visual Studio 2015\Projects\PeopleSearch\PeopleSearch\app\people\people.component.js.map
C:\Users\johng\Documents\Visual Studio 2015\Projects\PeopleSearch\PeopleSearch\app\people\search-person\search-person.component.js
C:\Users\johng\Documents\Visual Studio 2015\Projects\PeopleSearch\PeopleSearch\app\people\search-person\search-person.component.js.map
C:\Users\johng\Documents\Visual Studio 2015\Projects\PeopleSearch\PeopleSearch\app\people\people.module.js
C:\Users\johng\Documents\Visual Studio 2015\Projects\PeopleSearch\PeopleSearch\app\people\people.module.js.map
C:\Users\johng\Documents\Visual Studio 2015\Projects\PeopleSearch\PeopleSearch\app\app.module.js
C:\Users\johng\Documents\Visual Studio 2015\Projects\PeopleSearch\PeopleSearch\app\app.module.js.map
C:\Users\johng\Documents\Visual Studio 2015\Projects\PeopleSearch\PeopleSearch\app\main.js
C:\Users\johng\Documents\Visual Studio 2015\Projects\PeopleSearch\PeopleSearch\app\main.js.map
C:\Users\johng\Documents\Visual Studio 2015\Projects\PeopleSearch\PeopleSearch\app\tests\people.service.spec.js
C:\Users\johng\Documents\Visual Studio 2015\Projects\PeopleSearch\PeopleSearch\app\tests\people.service.spec.js.map
